Analysis & Synthesis report for sensor
Sun Apr 14 20:55:59 2024
Quartus Prime Version 18.1.0 Build 625 09/12/2018 SJ Lite Edition


---------------------
; Table of Contents ;
---------------------
  1. Legal Notice
  2. Analysis & Synthesis Summary
  3. Analysis & Synthesis Settings
  4. Parallel Compilation
  5. Analysis & Synthesis Source Files Read
  6. Analysis & Synthesis Resource Usage Summary
  7. Analysis & Synthesis Resource Utilization by Entity
  8. User-Specified and Inferred Latches
  9. Registers Removed During Synthesis
 10. General Register Statistics
 11. Inverted Register Statistics
 12. Multiplexer Restructuring Statistics (Restructuring Performed)
 13. Parameter Settings for User Entity Instance: divf:u1
 14. Post-Synthesis Netlist Statistics for Top Partition
 15. Elapsed Time Per Partition
 16. Analysis & Synthesis Messages



----------------
; Legal Notice ;
----------------
Copyright (C) 2018  Intel Corporation. All rights reserved.
Your use of Intel Corporation's design tools, logic functions 
and other software and tools, and its AMPP partner logic 
functions, and any output files from any of the foregoing 
(including device programming or simulation files), and any 
associated documentation or information are expressly subject 
to the terms and conditions of the Intel Program License 
Subscription Agreement, the Intel Quartus Prime License Agreement,
the Intel FPGA IP License Agreement, or other applicable license
agreement, including, without limitation, that your use is for
the sole purpose of programming logic devices manufactured by
Intel and sold by Intel or its authorized distributors.  Please
refer to the applicable agreement for further details.



+----------------------------------------------------------------------------------+
; Analysis & Synthesis Summary                                                     ;
+------------------------------------+---------------------------------------------+
; Analysis & Synthesis Status        ; Successful - Sun Apr 14 20:55:59 2024       ;
; Quartus Prime Version              ; 18.1.0 Build 625 09/12/2018 SJ Lite Edition ;
; Revision Name                      ; sensor                                      ;
; Top-level Entity Name              ; sensor                                      ;
; Family                             ; MAX 10                                      ;
; Total logic elements               ; 280                                         ;
;     Total combinational functions  ; 280                                         ;
;     Dedicated logic registers      ; 53                                          ;
; Total registers                    ; 53                                          ;
; Total pins                         ; 18                                          ;
; Total virtual pins                 ; 0                                           ;
; Total memory bits                  ; 0                                           ;
; Embedded Multiplier 9-bit elements ; 0                                           ;
; Total PLLs                         ; 0                                           ;
; UFM blocks                         ; 0                                           ;
; ADC blocks                         ; 0                                           ;
+------------------------------------+---------------------------------------------+


+------------------------------------------------------------------------------------------------------------+
; Analysis & Synthesis Settings                                                                              ;
+------------------------------------------------------------------+--------------------+--------------------+
; Option                                                           ; Setting            ; Default Value      ;
+------------------------------------------------------------------+--------------------+--------------------+
; Device                                                           ; 10M50DAF484C7G     ;                    ;
; Top-level entity name                                            ; sensor             ; sensor             ;
; Family name                                                      ; MAX 10             ; Cyclone V          ;
; Use smart compilation                                            ; Off                ; Off                ;
; Enable parallel Assembler and Timing Analyzer during compilation ; On                 ; On                 ;
; Enable compact report table                                      ; Off                ; Off                ;
; Restructure Multiplexers                                         ; Auto               ; Auto               ;
; Create Debugging Nodes for IP Cores                              ; Off                ; Off                ;
; Preserve fewer node names                                        ; On                 ; On                 ;
; Intel FPGA IP Evaluation Mode                                    ; Enable             ; Enable             ;
; Verilog Version                                                  ; Verilog_2001       ; Verilog_2001       ;
; VHDL Version                                                     ; VHDL_1993          ; VHDL_1993          ;
; State Machine Processing                                         ; Auto               ; Auto               ;
; Safe State Machine                                               ; Off                ; Off                ;
; Extract Verilog State Machines                                   ; On                 ; On                 ;
; Extract VHDL State Machines                                      ; On                 ; On                 ;
; Ignore Verilog initial constructs                                ; Off                ; Off                ;
; Iteration limit for constant Verilog loops                       ; 5000               ; 5000               ;
; Iteration limit for non-constant Verilog loops                   ; 250                ; 250                ;
; Add Pass-Through Logic to Inferred RAMs                          ; On                 ; On                 ;
; Infer RAMs from Raw Logic                                        ; On                 ; On                 ;
; Parallel Synthesis                                               ; On                 ; On                 ;
; DSP Block Balancing                                              ; Auto               ; Auto               ;
; NOT Gate Push-Back                                               ; On                 ; On                 ;
; Power-Up Don't Care                                              ; On                 ; On                 ;
; Remove Redundant Logic Cells                                     ; Off                ; Off                ;
; Remove Duplicate Registers                                       ; On                 ; On                 ;
; Ignore CARRY Buffers                                             ; Off                ; Off                ;
; Ignore CASCADE Buffers                                           ; Off                ; Off                ;
; Ignore GLOBAL Buffers                                            ; Off                ; Off                ;
; Ignore ROW GLOBAL Buffers                                        ; Off                ; Off                ;
; Ignore LCELL Buffers                                             ; Off                ; Off                ;
; Ignore SOFT Buffers                                              ; On                 ; On                 ;
; Limit AHDL Integers to 32 Bits                                   ; Off                ; Off                ;
; Optimization Technique                                           ; Balanced           ; Balanced           ;
; Carry Chain Length                                               ; 70                 ; 70                 ;
; Auto Carry Chains                                                ; On                 ; On                 ;
; Auto Open-Drain Pins                                             ; On                 ; On                 ;
; Perform WYSIWYG Primitive Resynthesis                            ; Off                ; Off                ;
; Auto ROM Replacement                                             ; On                 ; On                 ;
; Auto RAM Replacement                                             ; On                 ; On                 ;
; Auto DSP Block Replacement                                       ; On                 ; On                 ;
; Auto Shift Register Replacement                                  ; Auto               ; Auto               ;
; Allow Shift Register Merging across Hierarchies                  ; Auto               ; Auto               ;
; Auto Clock Enable Replacement                                    ; On                 ; On                 ;
; Strict RAM Replacement                                           ; Off                ; Off                ;
; Allow Synchronous Control Signals                                ; On                 ; On                 ;
; Force Use of Synchronous Clear Signals                           ; Off                ; Off                ;
; Auto RAM Block Balancing                                         ; On                 ; On                 ;
; Auto RAM to Logic Cell Conversion                                ; Off                ; Off                ;
; Auto Resource Sharing                                            ; Off                ; Off                ;
; Allow Any RAM Size For Recognition                               ; Off                ; Off                ;
; Allow Any ROM Size For Recognition                               ; Off                ; Off                ;
; Allow Any Shift Register Size For Recognition                    ; Off                ; Off                ;
; Use LogicLock Constraints during Resource Balancing              ; On                 ; On                 ;
; Ignore translate_off and synthesis_off directives                ; Off                ; Off                ;
; Timing-Driven Synthesis                                          ; On                 ; On                 ;
; Report Parameter Settings                                        ; On                 ; On                 ;
; Report Source Assignments                                        ; On                 ; On                 ;
; Report Connectivity Checks                                       ; On                 ; On                 ;
; Ignore Maximum Fan-Out Assignments                               ; Off                ; Off                ;
; Synchronization Register Chain Length                            ; 2                  ; 2                  ;
; Power Optimization During Synthesis                              ; Normal compilation ; Normal compilation ;
; HDL message level                                                ; Level2             ; Level2             ;
; Suppress Register Optimization Related Messages                  ; Off                ; Off                ;
; Number of Removed Registers Reported in Synthesis Report         ; 5000               ; 5000               ;
; Number of Swept Nodes Reported in Synthesis Report               ; 5000               ; 5000               ;
; Number of Inverted Registers Reported in Synthesis Report        ; 100                ; 100                ;
; Clock MUX Protection                                             ; On                 ; On                 ;
; Auto Gated Clock Conversion                                      ; Off                ; Off                ;
; Block Design Naming                                              ; Auto               ; Auto               ;
; SDC constraint protection                                        ; Off                ; Off                ;
; Synthesis Effort                                                 ; Auto               ; Auto               ;
; Shift Register Replacement - Allow Asynchronous Clear Signal     ; On                 ; On                 ;
; Pre-Mapping Resynthesis Optimization                             ; Off                ; Off                ;
; Analysis & Synthesis Message Level                               ; Medium             ; Medium             ;
; Disable Register Merging Across Hierarchies                      ; Auto               ; Auto               ;
; Resource Aware Inference For Block RAM                           ; On                 ; On                 ;
+------------------------------------------------------------------+--------------------+--------------------+


+------------------------------------------+
; Parallel Compilation                     ;
+----------------------------+-------------+
; Processors                 ; Number      ;
+----------------------------+-------------+
; Number detected on machine ; 16          ;
; Maximum allowed            ; 16          ;
;                            ;             ;
; Average used               ; 1.00        ;
; Maximum used               ; 16          ;
;                            ;             ;
; Usage by Processor         ; % Time Used ;
;     Processor 1            ; 100.0%      ;
;     Processors 2-16        ;   0.0%      ;
+----------------------------+-------------+


+----------------------------------------------------------------------------------------------------------------------------------------------+
; Analysis & Synthesis Source Files Read                                                                                                       ;
+----------------------------------+-----------------+-----------------+-------------------------------------------------------------+---------+
; File Name with User-Entered Path ; Used in Netlist ; File Type       ; File Name with Absolute Path                                ; Library ;
+----------------------------------+-----------------+-----------------+-------------------------------------------------------------+---------+
; trigger.vhd                      ; yes             ; User VHDL File  ; C:/Users/jesus/Documents/VLSI/P7/Segunda parte/trigger.vhd  ;         ;
; sensor.vhd                       ; yes             ; User VHDL File  ; C:/Users/jesus/Documents/VLSI/P7/Segunda parte/sensor.vhd   ;         ;
; senal.vhd                        ; yes             ; User VHDL File  ; C:/Users/jesus/Documents/VLSI/P7/Segunda parte/senal.vhd    ;         ;
; divf.vhd                         ; yes             ; User VHDL File  ; C:/Users/jesus/Documents/VLSI/P7/Segunda parte/divf.vhd     ;         ;
; contador.vhd                     ; yes             ; User VHDL File  ; C:/Users/jesus/Documents/VLSI/P7/Segunda parte/contador.vhd ;         ;
; dec7seg.vhd                      ; yes             ; User VHDL File  ; C:/Users/jesus/Documents/VLSI/P7/Segunda parte/dec7seg.vhd  ;         ;
+----------------------------------+-----------------+-----------------+-------------------------------------------------------------+---------+


+---------------------------------------------------------------------+
; Analysis & Synthesis Resource Usage Summary                         ;
+---------------------------------------------+-----------------------+
; Resource                                    ; Usage                 ;
+---------------------------------------------+-----------------------+
; Estimated Total logic elements              ; 280                   ;
;                                             ;                       ;
; Total combinational functions               ; 280                   ;
; Logic element usage by number of LUT inputs ;                       ;
;     -- 4 input functions                    ; 163                   ;
;     -- 3 input functions                    ; 40                    ;
;     -- <=2 input functions                  ; 77                    ;
;                                             ;                       ;
; Logic elements by mode                      ;                       ;
;     -- normal mode                          ; 240                   ;
;     -- arithmetic mode                      ; 40                    ;
;                                             ;                       ;
; Total registers                             ; 53                    ;
;     -- Dedicated logic registers            ; 53                    ;
;     -- I/O registers                        ; 0                     ;
;                                             ;                       ;
; I/O pins                                    ; 18                    ;
;                                             ;                       ;
; Embedded Multiplier 9-bit elements          ; 0                     ;
;                                             ;                       ;
; Maximum fan-out node                        ; contador:u4|conteo[9] ;
; Maximum fan-out                             ; 36                    ;
; Total fan-out                               ; 1096                  ;
; Average fan-out                             ; 2.97                  ;
+---------------------------------------------+-----------------------+


+------------------------------------------------------------------------------------------------------------------------------------------------------------------------------------------------------------------------------------+
; Analysis & Synthesis Resource Utilization by Entity                                                                                                                                                                                ;
+----------------------------+---------------------+---------------------------+-------------+------------+--------------+---------+-----------+------+--------------+------------+---------------------+-------------+--------------+
; Compilation Hierarchy Node ; Combinational ALUTs ; Dedicated Logic Registers ; Memory Bits ; UFM Blocks ; DSP Elements ; DSP 9x9 ; DSP 18x18 ; Pins ; Virtual Pins ; ADC blocks ; Full Hierarchy Name ; Entity Name ; Library Name ;
+----------------------------+---------------------+---------------------------+-------------+------------+--------------+---------+-----------+------+--------------+------------+---------------------+-------------+--------------+
; |sensor                    ; 280 (0)             ; 53 (0)                    ; 0           ; 0          ; 0            ; 0       ; 0         ; 18   ; 0            ; 0          ; |sensor             ; sensor      ; work         ;
;    |contador:u4|           ; 195 (195)           ; 21 (21)                   ; 0           ; 0          ; 0            ; 0       ; 0         ; 0    ; 0            ; 0          ; |sensor|contador:u4 ; contador    ; work         ;
;    |dec7seg:u5|            ; 5 (5)               ; 0 (0)                     ; 0           ; 0          ; 0            ; 0       ; 0         ; 0    ; 0            ; 0          ; |sensor|dec7seg:u5  ; dec7seg     ; work         ;
;    |dec7seg:u6|            ; 16 (16)             ; 0 (0)                     ; 0           ; 0          ; 0            ; 0       ; 0         ; 0    ; 0            ; 0          ; |sensor|dec7seg:u6  ; dec7seg     ; work         ;
;    |divf:u1|               ; 10 (10)             ; 6 (6)                     ; 0           ; 0          ; 0            ; 0       ; 0         ; 0    ; 0            ; 0          ; |sensor|divf:u1     ; divf        ; work         ;
;    |senal:u2|              ; 53 (53)             ; 26 (26)                   ; 0           ; 0          ; 0            ; 0       ; 0         ; 0    ; 0            ; 0          ; |sensor|senal:u2    ; senal       ; work         ;
;    |trigger:u3|            ; 1 (1)               ; 0 (0)                     ; 0           ; 0          ; 0            ; 0       ; 0         ; 0    ; 0            ; 0          ; |sensor|trigger:u3  ; trigger     ; work         ;
+----------------------------+---------------------+---------------------------+-------------+------------+--------------+---------+-----------+------+--------------+------------+---------------------+-------------+--------------+
Note: For table entries with two numbers listed, the numbers in parentheses indicate the number of resources of the given type used by the specific entity alone. The numbers listed outside of parentheses indicate the total resources of the given type used by the specific entity and all of its sub-entities in the hierarchy.


+---------------------------------------------------------------------------------------------------+
; User-Specified and Inferred Latches                                                               ;
+----------------------------------------------------+---------------------+------------------------+
; Latch Name                                         ; Latch Enable Signal ; Free of Timing Hazards ;
+----------------------------------------------------+---------------------+------------------------+
; trigger:u3|salida                                  ; echo                ; yes                    ;
; Number of user-specified and inferred latches = 1  ;                     ;                        ;
+----------------------------------------------------+---------------------+------------------------+
Note: All latches listed above may not be present at the end of synthesis due to various synthesis optimizations.


+---------------------------------------------------------------------------------+
; Registers Removed During Synthesis                                              ;
+----------------------------------------+----------------------------------------+
; Register name                          ; Reason for Removal                     ;
+----------------------------------------+----------------------------------------+
; contador:u4|salida1[31]                ; Merged with contador:u4|salida0[31]    ;
; contador:u4|salida0[2..9,11..30]       ; Merged with contador:u4|salida0[10]    ;
; contador:u4|salida1[4..30]             ; Merged with contador:u4|salida0[10]    ;
; contador:u4|salida0[10]                ; Stuck at GND due to stuck port data_in ;
; Total Number of Removed Registers = 57 ;                                        ;
+----------------------------------------+----------------------------------------+


+------------------------------------------------------+
; General Register Statistics                          ;
+----------------------------------------------+-------+
; Statistic                                    ; Value ;
+----------------------------------------------+-------+
; Total registers                              ; 53    ;
; Number of registers using Synchronous Clear  ; 1     ;
; Number of registers using Synchronous Load   ; 0     ;
; Number of registers using Asynchronous Clear ; 14    ;
; Number of registers using Asynchronous Load  ; 0     ;
; Number of registers using Clock Enable       ; 19    ;
; Number of registers using Preset             ; 0     ;
+----------------------------------------------+-------+


+--------------------------------------------------+
; Inverted Register Statistics                     ;
+----------------------------------------+---------+
; Inverted Register                      ; Fan out ;
+----------------------------------------+---------+
; contador:u4|salida0[0]                 ; 4       ;
; contador:u4|salida0[31]                ; 15      ;
; contador:u4|salida1[0]                 ; 7       ;
; Total number of inverted registers = 3 ;         ;
+----------------------------------------+---------+


+----------------------------------------------------------------------------------------------------------------------------------------------+
; Multiplexer Restructuring Statistics (Restructuring Performed)                                                                               ;
+--------------------+-----------+---------------+----------------------+------------------------+------------+--------------------------------+
; Multiplexer Inputs ; Bus Width ; Baseline Area ; Area if Restructured ; Saving if Restructured ; Registered ; Example Multiplexer Output     ;
+--------------------+-----------+---------------+----------------------+------------------------+------------+--------------------------------+
; 21:1               ; 4 bits    ; 56 LEs        ; 52 LEs               ; 4 LEs                  ; Yes        ; |sensor|contador:u4|salida1[1] ;
; 21:1               ; 2 bits    ; 28 LEs        ; 26 LEs               ; 2 LEs                  ; Yes        ; |sensor|contador:u4|salida0[0] ;
+--------------------+-----------+---------------+----------------------+------------------------+------------+--------------------------------+


+------------------------------------------------------+
; Parameter Settings for User Entity Instance: divf:u1 ;
+----------------+-------+-----------------------------+
; Parameter Name ; Value ; Type                        ;
+----------------+-------+-----------------------------+
; num            ; 25    ; Signed Integer              ;
+----------------+-------+-----------------------------+
Note: In order to hide this table in the UI and the text report file, please set the "Show Parameter Settings in Synthesis Report" option in "Analysis and Synthesis Settings -> More Settings" to "Off".


+-----------------------------------------------------+
; Post-Synthesis Netlist Statistics for Top Partition ;
+-----------------------+-----------------------------+
; Type                  ; Count                       ;
+-----------------------+-----------------------------+
; boundary_port         ; 18                          ;
; cycloneiii_ff         ; 53                          ;
;     CLR               ; 1                           ;
;     ENA               ; 5                           ;
;     ENA CLR           ; 13                          ;
;     ENA SCLR          ; 1                           ;
;     plain             ; 33                          ;
; cycloneiii_lcell_comb ; 283                         ;
;     arith             ; 40                          ;
;         2 data inputs ; 39                          ;
;         3 data inputs ; 1                           ;
;     normal            ; 243                         ;
;         1 data inputs ; 6                           ;
;         2 data inputs ; 35                          ;
;         3 data inputs ; 39                          ;
;         4 data inputs ; 163                         ;
;                       ;                             ;
; Max LUT depth         ; 11.00                       ;
; Average LUT depth     ; 5.91                        ;
+-----------------------+-----------------------------+


+-------------------------------+
; Elapsed Time Per Partition    ;
+----------------+--------------+
; Partition Name ; Elapsed Time ;
+----------------+--------------+
; Top            ; 00:00:02     ;
+----------------+--------------+


+-------------------------------+
; Analysis & Synthesis Messages ;
+-------------------------------+
Info: *******************************************************************
Info: Running Quartus Prime Analysis & Synthesis
    Info: Version 18.1.0 Build 625 09/12/2018 SJ Lite Edition
    Info: Processing started: Sun Apr 14 20:55:38 2024
Info: Command: quartus_map --read_settings_files=on --write_settings_files=off sensor -c sensor
Warning (18236): Number of processors has not been specified which may cause overloading on shared machines.  Set the global assignment NUM_PARALLEL_PROCESSORS in your QSF to an appropriate value for best performance.
Info (20030): Parallel compilation is enabled and will use 16 of the 16 processors detected
Info (12021): Found 2 design units, including 1 entities, in source file trigger.vhd
    Info (12022): Found design unit 1: trigger-arqtrigger File: C:/Users/jesus/Documents/VLSI/P7/Segunda parte/trigger.vhd Line: 11
    Info (12023): Found entity 1: trigger File: C:/Users/jesus/Documents/VLSI/P7/Segunda parte/trigger.vhd Line: 4
Info (12021): Found 2 design units, including 1 entities, in source file sensor.vhd
    Info (12022): Found design unit 1: sensor-arqsns File: C:/Users/jesus/Documents/VLSI/P7/Segunda parte/sensor.vhd Line: 12
    Info (12023): Found entity 1: sensor File: C:/Users/jesus/Documents/VLSI/P7/Segunda parte/sensor.vhd Line: 4
Info (12021): Found 2 design units, including 1 entities, in source file senal.vhd
    Info (12022): Found design unit 1: senal-arqsenal File: C:/Users/jesus/Documents/VLSI/P7/Segunda parte/senal.vhd Line: 11
    Info (12023): Found entity 1: senal File: C:/Users/jesus/Documents/VLSI/P7/Segunda parte/senal.vhd Line: 4
Info (12021): Found 2 design units, including 1 entities, in source file divf.vhd
    Info (12022): Found design unit 1: divf-arqdivf File: C:/Users/jesus/Documents/VLSI/P7/Segunda parte/divf.vhd Line: 13
    Info (12023): Found entity 1: divf File: C:/Users/jesus/Documents/VLSI/P7/Segunda parte/divf.vhd Line: 6
Info (12021): Found 2 design units, including 1 entities, in source file contador.vhd
    Info (12022): Found design unit 1: contador-arqcontador File: C:/Users/jesus/Documents/VLSI/P7/Segunda parte/contador.vhd Line: 13
    Info (12023): Found entity 1: contador File: C:/Users/jesus/Documents/VLSI/P7/Segunda parte/contador.vhd Line: 5
Info (12021): Found 2 design units, including 1 entities, in source file dec7seg.vhd
    Info (12022): Found design unit 1: dec7seg-arqdec File: C:/Users/jesus/Documents/VLSI/P7/Segunda parte/dec7seg.vhd Line: 13
    Info (12023): Found entity 1: dec7seg File: C:/Users/jesus/Documents/VLSI/P7/Segunda parte/dec7seg.vhd Line: 5
Info (12127): Elaborating entity "sensor" for the top level hierarchy
Info (12129): Elaborating entity "divf" using architecture "A:arqdivf" for hierarchy "divf:u1" File: C:/Users/jesus/Documents/VLSI/P7/Segunda parte/sensor.vhd Line: 16
Info (12129): Elaborating entity "senal" using architecture "A:arqsenal" for hierarchy "senal:u2" File: C:/Users/jesus/Documents/VLSI/P7/Segunda parte/sensor.vhd Line: 17
Info (12129): Elaborating entity "trigger" using architecture "A:arqtrigger" for hierarchy "trigger:u3" File: C:/Users/jesus/Documents/VLSI/P7/Segunda parte/sensor.vhd Line: 18
Warning (10492): VHDL Process Statement warning at trigger.vhd(15): signal "rst" is read inside the Process Statement but isn't in the Process Statement's sensitivity list File: C:/Users/jesus/Documents/VLSI/P7/Segunda parte/trigger.vhd Line: 15
Warning (10492): VHDL Process Statement warning at trigger.vhd(17): signal "echo" is read inside the Process Statement but isn't in the Process Statement's sensitivity list File: C:/Users/jesus/Documents/VLSI/P7/Segunda parte/trigger.vhd Line: 17
Warning (10631): VHDL Process Statement warning at trigger.vhd(13): inferring latch(es) for signal or variable "salida", which holds its previous value in one or more paths through the process File: C:/Users/jesus/Documents/VLSI/P7/Segunda parte/trigger.vhd Line: 13
Info (10041): Inferred latch for "salida" at trigger.vhd(13) File: C:/Users/jesus/Documents/VLSI/P7/Segunda parte/trigger.vhd Line: 13
Info (12129): Elaborating entity "contador" using architecture "A:arqcontador" for hierarchy "contador:u4" File: C:/Users/jesus/Documents/VLSI/P7/Segunda parte/sensor.vhd Line: 21
Info (12129): Elaborating entity "dec7seg" using architecture "A:arqdec" for hierarchy "dec7seg:u5" File: C:/Users/jesus/Documents/VLSI/P7/Segunda parte/sensor.vhd Line: 22
Info (286030): Timing-Driven Synthesis is running
Info (16010): Generating hard_block partition "hard_block:auto_generated_inst"
    Info (16011): Adding 0 node(s), including 0 DDIO, 0 PLL, 0 transceiver and 0 LCELL
Info (21057): Implemented 298 device resources after synthesis - the final resource count might be different
    Info (21058): Implemented 3 input pins
    Info (21059): Implemented 15 output pins
    Info (21061): Implemented 280 logic cells
Info: Quartus Prime Analysis & Synthesis was successful. 0 errors, 4 warnings
    Info: Peak virtual memory: 4871 megabytes
    Info: Processing ended: Sun Apr 14 20:55:59 2024
    Info: Elapsed time: 00:00:21
    Info: Total CPU time (on all processors): 00:00:19


